
FileVersion:        2

ResolutionOfTime:   Volumes

Experiment:         Retinotopy CONTRA

BackgroundColor:    0 0 0
TextColor:          255 255 255
TimeCourseColor:    192 192 192
TimeCourseThick:    2
ReferenceFuncColor: 0 0 80
ReferenceFuncThick: 2

NrOfConditions:     26

Fix
7
      1           13
     39           43
     69           73
     99          103
    129          133
    159          163
    189          196
Color:              195 195 195

ecc024
6
     14           14
     44           44
     74           74
    104          104
    134          134
    164          164
Color:              255 0 0

ecc023
6
     15           15
     45           45
     75           75
    105          105
    135          135
    165          165
Color:              255 61 0

ecc022
6
     16           16
     46           46
     76           76
    106          106
    136          136
    166          166
Color:              255 122 0

ecc021
6
     17           17
     47           47
     77           77
    107          107
    137          137
    167          167
Color:              255 184 0

ecc020
6
     18           18
     48           48
     78           78
    108          108
    138          138
    168          168
Color:              255 245 0

ecc019
6
     19           19
     49           49
     79           79
    109          109
    139          139
    169          169
Color:              204 255 0

ecc018
6
     20           20
     50           50
     80           80
    110          110
    140          140
    170          170
Color:              143 255 0

ecc017
6
     21           21
     51           51
     81           81
    111          111
    141          141
    171          171
Color:              82 255 0

ecc016
6
     22           22
     52           52
     82           82
    112          112
    142          142
    172          172
Color:              20 255 0

ecc015
6
     23           23
     53           53
     83           83
    113          113
    143          143
    173          173
Color:              0 255 41

ecc014
6
     24           24
     54           54
     84           84
    114          114
    144          144
    174          174
Color:              0 255 102

ecc013
6
     25           25
     55           55
     85           85
    115          115
    145          145
    175          175
Color:              0 255 163

ecc012
6
     26           26
     56           56
     86           86
    116          116
    146          146
    176          176
Color:              0 255 224

ecc011
6
     27           27
     57           57
     87           87
    117          117
    147          147
    177          177
Color:              0 224 255

ecc010
6
     28           28
     58           58
     88           88
    118          118
    148          148
    178          178
Color:              0 163 255

ecc009
6
     29           29
     59           59
     89           89
    119          119
    149          149
    179          179
Color:              0 102 255

ecc008
6
     30           30
     60           60
     90           90
    120          120
    150          150
    180          180
Color:              0 41 255

ecc007
6
     31           31
     61           61
     91           91
    121          121
    151          151
    181          181
Color:              20 0 255

ecc006
6
     32           32
     62           62
     92           92
    122          122
    152          152
    182          182
Color:              82 0 255

ecc005
6
     33           33
     63           63
     93           93
    123          123
    153          153
    183          183
Color:              143 0 255

ecc004
6
     34           34
     64           64
     94           94
    124          124
    154          154
    184          184
Color:              204 0 255

ecc003
6
     35           35
     65           65
     95           95
    125          125
    155          155
    185          185
Color:              255 0 245

ecc002
6
     36           36
     66           66
     96           96
    126          126
    156          156
    186          186
Color:              255 0 184

ecc001
6
     37           37
     67           67
     97           97
    127          127
    157          157
    187          187
Color:              255 0 122

ecc000
6
     38           38
     68           68
     98           98
    128          128
    158          158
    188          188
Color:              255 0 61
