
FileVersion:        2

ResolutionOfTime:   Volumes

Experiment:         Retinotopy EXP

BackgroundColor:    0 0 0
TextColor:          255 255 255
TimeCourseColor:    192 192 192
TimeCourseThick:    2
ReferenceFuncColor: 0 0 80
ReferenceFuncThick: 2

NrOfConditions:     26

Fix
7
      1            8
     34           38
     64           68
     94           98
    124          128
    154          158
    184          196
Color:              195 195 195

ecc001
6
      9            9
     39           39
     69           69
     99           99
    129          129
    159          159
Color:              255 0 61

ecc002
6
     10           10
     40           40
     70           70
    100          100
    130          130
    160          160
Color:              255 0 122

ecc003
6
     11           11
     41           41
     71           71
    101          101
    131          131
    161          161
Color:              255 0 184

ecc004
6
     12           12
     42           42
     72           72
    102          102
    132          132
    162          162
Color:              255 0 245

ecc005
6
     13           13
     43           43
     73           73
    103          103
    133          133
    163          163
Color:              204 0 255

ecc006
6
     14           14
     44           44
     74           74
    104          104
    134          134
    164          164
Color:              143 0 255

ecc007
6
     15           15
     45           45
     75           75
    105          105
    135          135
    165          165
Color:              82 0 255

ecc008
6
     16           16
     46           46
     76           76
    106          106
    136          136
    166          166
Color:              20 0 255

ecc009
6
     17           17
     47           47
     77           77
    107          107
    137          137
    167          167
Color:              0 41 255

ecc010
6
     18           18
     48           48
     78           78
    108          108
    138          138
    168          168
Color:              0 102 255

ecc011
6
     19           19
     49           49
     79           79
    109          109
    139          139
    169          169
Color:              0 163 255

ecc012
6
     20           20
     50           50
     80           80
    110          110
    140          140
    170          170
Color:              0 224 255

ecc013
6
     21           21
     51           51
     81           81
    111          111
    141          141
    171          171
Color:              0 255 224

ecc014
6
     22           22
     52           52
     82           82
    112          112
    142          142
    172          172
Color:              0 255 163

ecc015
6
     23           23
     53           53
     83           83
    113          113
    143          143
    173          173
Color:              0 255 102

ecc016
6
     24           24
     54           54
     84           84
    114          114
    144          144
    174          174
Color:              0 255 41

ecc017
6
     25           25
     55           55
     85           85
    115          115
    145          145
    175          175
Color:              20 255 0

ecc018
6
     26           26
     56           56
     86           86
    116          116
    146          146
    176          176
Color:              82 255 0

ecc019
6
     27           27
     57           57
     87           87
    117          117
    147          147
    177          177
Color:              143 255 0

ecc020
6
     28           28
     58           58
     88           88
    118          118
    148          148
    178          178
Color:              204 255 0

ecc021
6
     29           29
     59           59
     89           89
    119          119
    149          149
    179          179
Color:              255 245 0

ecc022
6
     30           30
     60           60
     90           90
    120          120
    150          150
    180          180
Color:              255 184 0

ecc023
6
     31           31
     61           61
     91           91
    121          121
    151          151
    181          181
Color:              255 122 0

ecc024
6
     32           32
     62           62
     92           92
    122          122
    152          152
    182          182
Color:              255 61 0

ecc025
6
     33           33
     63           63
     93           93
    123          123
    153          153
    183          183
Color:              255 0 0
